<?xml version="1.0" encoding="UTF-8"?>
<testsuite xmlns:xsi="http://www.w3.org/2001/XMLSchema-instance" xsi:noNamespaceSchemaLocation="https://maven.apache.org/surefire/maven-surefire-plugin/xsd/surefire-test-report-3.0.xsd" version="3.0" name="test.java.TestingPackage.TestRunner" time="7.365" tests="1" errors="0" skipped="0" failures="0">
  <properties>
[...]
</properties>
  <testcase name="runScenario[&quot;numView is greater than 4000&quot;, &quot;Optional[Get request for numViews values]&quot;](1)" classname="test.java.TestingPackage.TestRunner" time="5.684">
    <system-out><![CDATA[
@GetRequestForColourLoversAPI @GetValuesOfnumViews
Scenario Outline: numView is greater than 4000                        # src/test/resources/features/GetRequest.feature:14
  Given I want to go to "http://www.colourlovers.com/api" API         # test.java.TestingPackage.GetRequestStepDefinitoin.i_want_to_go_to_api(java.lang.String)
  When I send "/patterns" request for any "patterns.pattern.numViews" # test.java.TestingPackage.GetRequestStepDefinitoin.i_send_request_for_any(java.lang.String,java.lang.String)
  Then I validate the outcome to be more than this 4000               # test.java.TestingPackage.GetRequestStepDefinitoin.i_validate_the_outcome_to_be_more_than_this(int)
]]></system-out>
  </testcase>
</testsuite>