<?xml version="1.0" encoding="UTF-8"?>
<testng-results ignored="0" total="1" passed="1" failed="0" skipped="0">
  <reporter-output>
  </reporter-output>
  <suite started-at="2021-10-25T13:34:06 EET" name="Surefire suite" finished-at="2021-10-25T13:34:15 EET" duration-ms="9764">
    <groups>
      <group name="cucumber">
        <method signature="AbstractTestNGCucumberTests.runScenario(io.cucumber.testng.PickleWrapper, io.cucumber.testng.FeatureWrapper)[pri:0, instance:test.java.Runners.TestRunner@780cb77]" name="runScenario" class="io.cucumber.testng.AbstractTestNGCucumberTests"/>
      </group> <!-- cucumber -->
    </groups>
    <test started-at="2021-10-25T13:34:06 EET" name="Surefire test" finished-at="2021-10-25T13:34:15 EET" duration-ms="9764">
      <class name="test.java.Runners.TestRunner">
        <test-method is-config="true" signature="setUpClass()[pri:0, instance:test.java.Runners.TestRunner@780cb77]" started-at="2021-10-25T13:34:06 EET" name="setUpClass" finished-at="2021-10-25T13:34:06 EET" duration-ms="865" status="PASS">
          <reporter-output>
          </reporter-output>
        </test-method> <!-- setUpClass -->
        <test-method signature="runScenario(io.cucumber.testng.PickleWrapper, io.cucumber.testng.FeatureWrapper)[pri:0, instance:test.java.Runners.TestRunner@780cb77]" started-at="2021-10-25T13:34:06 EET" name="runScenario" description="Runs Cucumber Scenarios" data-provider="scenarios" finished-at="2021-10-25T13:34:15 EET" duration-ms="8508" status="PASS">
          <params>
            <param index="0">
              <value>
                <![CDATA["numView is greater than 4000"]]>
              </value>
            </param>
            <param index="1">
              <value>
                <![CDATA["Optional[Get request for numViews values]"]]>
              </value>
            </param>
          </params>
          <reporter-output>
          </reporter-output>
        </test-method> <!-- runScenario -->
        <test-method is-config="true" signature="tearDownClass()[pri:0, instance:test.java.Runners.TestRunner@780cb77]" started-at="2021-10-25T13:34:15 EET" name="tearDownClass" finished-at="2021-10-25T13:34:15 EET" duration-ms="343" status="PASS">
          <reporter-output>
          </reporter-output>
        </test-method> <!-- tearDownClass -->
      </class> <!-- test.java.Runners.TestRunner -->
    </test> <!-- Surefire test -->
  </suite> <!-- Surefire suite -->
</testng-results>
