<?xml version="1.0" encoding="UTF-8"?>
<testng-results ignored="0" total="1" passed="1" failed="0" skipped="0">
  <reporter-output>
  </reporter-output>
  <suite started-at="2021-10-22T00:51:27Z" name="Default suite" finished-at="2021-10-22T00:51:33Z" duration-ms="6000">
    <groups>
      <group name="cucumber">
        <method signature="AbstractTestNGCucumberTests.runScenario(io.cucumber.testng.PickleWrapper, io.cucumber.testng.FeatureWrapper)[pri:0, instance:testrunner.TestRunner@19932c16]" name="runScenario" class="io.cucumber.testng.AbstractTestNGCucumberTests"/>
      </group> <!-- cucumber -->
    </groups>
    <test started-at="2021-10-22T00:51:27Z" name="Default test" finished-at="2021-10-22T00:51:33Z" duration-ms="6000">
      <class name="testrunner.TestRunner">
        <test-method is-config="true" signature="setUpClass()[pri:0, instance:testrunner.TestRunner@19932c16]" started-at="2021-10-22T00:51:27Z" name="setUpClass" finished-at="2021-10-22T00:51:27Z" duration-ms="634" status="PASS">
          <reporter-output>
          </reporter-output>
        </test-method> <!-- setUpClass -->
        <test-method signature="runScenario(io.cucumber.testng.PickleWrapper, io.cucumber.testng.FeatureWrapper)[pri:0, instance:testrunner.TestRunner@19932c16]" started-at="2021-10-22T00:51:27Z" name="runScenario" description="Runs Cucumber Scenarios" data-provider="scenarios" finished-at="2021-10-22T00:51:33Z" duration-ms="5230" status="PASS">
          <params>
            <param index="0">
              <value>
                <![CDATA["numView is greater than 4000"]]>
              </value>
            </param>
            <param index="1">
              <value>
                <![CDATA["Optional[Get request for numViews values]"]]>
              </value>
            </param>
          </params>
          <reporter-output>
          </reporter-output>
        </test-method> <!-- runScenario -->
        <test-method is-config="true" signature="tearDownClass()[pri:0, instance:testrunner.TestRunner@19932c16]" started-at="2021-10-22T00:51:33Z" name="tearDownClass" finished-at="2021-10-22T00:51:33Z" duration-ms="100" status="PASS">
          <reporter-output>
          </reporter-output>
        </test-method> <!-- tearDownClass -->
      </class> <!-- testrunner.TestRunner -->
    </test> <!-- Default test -->
  </suite> <!-- Default suite -->
</testng-results>
