<?xml version="1.0" encoding="UTF-8"?>
<testng-results ignored="0" total="1" passed="1" failed="0" skipped="0">
  <reporter-output>
  </reporter-output>
  <suite started-at="2021-10-25T13:33:35 EET" name="All Test Suite" finished-at="2021-10-25T13:33:41 EET" duration-ms="6592">
    <groups>
      <group name="cucumber">
        <method signature="AbstractTestNGCucumberTests.runScenario(io.cucumber.testng.PickleWrapper, io.cucumber.testng.FeatureWrapper)[pri:0, instance:test.java.Runners.TestRunner@534a5a98]" name="runScenario" class="io.cucumber.testng.AbstractTestNGCucumberTests"/>
      </group> <!-- cucumber -->
    </groups>
    <test started-at="2021-10-25T13:33:35 EET" name="F:/workspace/finalColourLover_Api/src/test/java/TestingPackage/TestRunner.java" finished-at="2021-10-25T13:33:41 EET" duration-ms="6592">
      <class name="test.java.Runners.TestRunner">
        <test-method is-config="true" signature="setUpClass()[pri:0, instance:test.java.Runners.TestRunner@534a5a98]" started-at="2021-10-25T13:33:35 EET" name="setUpClass" finished-at="2021-10-25T13:33:36 EET" duration-ms="798" status="PASS">
          <reporter-output>
          </reporter-output>
        </test-method> <!-- setUpClass -->
        <test-method signature="runScenario(io.cucumber.testng.PickleWrapper, io.cucumber.testng.FeatureWrapper)[pri:0, instance:test.java.Runners.TestRunner@534a5a98]" started-at="2021-10-25T13:33:36 EET" name="runScenario" description="Runs Cucumber Scenarios" data-provider="scenarios" finished-at="2021-10-25T13:33:41 EET" duration-ms="5573" status="PASS">
          <params>
            <param index="0">
              <value>
                <![CDATA["numView is greater than 4000"]]>
              </value>
            </param>
            <param index="1">
              <value>
                <![CDATA["Optional[Get request for numViews values]"]]>
              </value>
            </param>
          </params>
          <reporter-output>
          </reporter-output>
        </test-method> <!-- runScenario -->
        <test-method is-config="true" signature="tearDownClass()[pri:0, instance:test.java.Runners.TestRunner@534a5a98]" started-at="2021-10-25T13:33:41 EET" name="tearDownClass" finished-at="2021-10-25T13:33:41 EET" duration-ms="158" status="PASS">
          <reporter-output>
          </reporter-output>
        </test-method> <!-- tearDownClass -->
      </class> <!-- test.java.Runners.TestRunner -->
    </test> <!-- F:/workspace/finalColourLover_Api/src/test/java/TestingPackage/TestRunner.java -->
  </suite> <!-- All Test Suite -->
</testng-results>
